This file contains any messages produced by compilers while
running configure, to aid debugging if configure makes a mistake.

It was created by netCDF configure 3.6.0, which was
generated by GNU Autoconf 2.59.  Invocation command line was

  $ ./configure CC=gcc -m64 CXX=g++ -m64

## --------- ##
## Platform. ##
## --------- ##

hostname = lmlM6-135.univ-lille1.fr
uname -m = x86_64
uname -r = 2.6.23.1-42.fc8
uname -s = Linux
uname -v = #1 SMP Tue Oct 30 13:18:33 EDT 2007

/usr/bin/uname -p = unknown
/bin/uname -X     = unknown

/bin/arch              = x86_64
/usr/bin/arch -k       = unknown
/usr/convex/getsysinfo = unknown
hostinfo               = unknown
/bin/machine           = unknown
/usr/bin/oslevel       = unknown
/bin/universe          = unknown

PATH: /usr/lib64/ccache
PATH: /usr/lib64/qt-3.3/bin
PATH: /usr/kerberos/bin
PATH: /usr/local/bin
PATH: /usr/bin
PATH: /bin
PATH: /usr/X11R6/bin
PATH: /home/benyoucef/bin


## ----------- ##
## Core tests. ##
## ----------- ##

configure:1369: checking build system type
configure:1387: result: x86_64-unknown-linux-gnu
configure:1395: checking host system type
configure:1409: result: x86_64-unknown-linux-gnu
configure:1421: checking for top-level source-directory
configure:1424: result: /home/benyoucef/PIVlml/NetCDF/src
configure:1531: checking for C compiler version
configure:1534: gcc -m64 --version </dev/null >&5
gcc (GCC) 4.1.2 20070925 (Red Hat 4.1.2-33)
Copyright (C) 2006 Free Software Foundation, Inc.
This is free software; see the source for copying conditions.  There is NO
warranty; not even for MERCHANTABILITY or FITNESS FOR A PARTICULAR PURPOSE.

configure:1537: $? = 0
configure:1539: gcc -m64 -v </dev/null >&5
Using built-in specs.
Target: x86_64-redhat-linux
Configured with: ../configure --prefix=/usr --mandir=/usr/share/man --infodir=/usr/share/info --enable-shared --enable-threads=posix --enable-checking=release --with-system-zlib --enable-__cxa_atexit --disable-libunwind-exceptions --enable-languages=c,c++,objc,obj-c++,java,fortran,ada --enable-java-awt=gtk --disable-dssi --enable-plugin --with-java-home=/usr/lib/jvm/java-1.5.0-gcj-1.5.0.0/jre --enable-libgcj-multifile --enable-java-maintainer-mode --with-ecj-jar=/usr/share/java/eclipse-ecj.jar --with-cpu=generic --host=x86_64-redhat-linux
Thread model: posix
gcc version 4.1.2 20070925 (Red Hat 4.1.2-33)
configure:1542: $? = 0
configure:1544: gcc -m64 -V </dev/null >&5
gcc: '-V' must come at the start of the command line
configure:1547: $? = 1
configure:1570: checking for C compiler default output file name
configure:1573: gcc -m64 -g   conftest.c  >&5
configure:1576: $? = 0
configure:1622: result: a.out
configure:1627: checking whether the C compiler works
configure:1633: ./a.out
configure:1636: $? = 0
configure:1653: result: yes
configure:1660: checking whether we are cross compiling
configure:1662: result: no
configure:1665: checking for suffix of executables
configure:1667: gcc -m64 -o conftest -g   conftest.c  >&5
configure:1670: $? = 0
configure:1695: result: 
configure:1701: checking for suffix of object files
configure:1722: gcc -m64 -c -g  conftest.c >&5
configure:1725: $? = 0
configure:1747: result: o
configure:1751: checking whether we are using the GNU C compiler
configure:1775: gcc -m64 -c -g  conftest.c >&5
configure:1781: $? = 0
configure:1785: test -z 
			 || test ! -s conftest.err
configure:1788: $? = 0
configure:1791: test -s conftest.o
configure:1794: $? = 0
configure:1807: result: yes
configure:1813: checking whether gcc -m64 accepts -g
configure:1834: gcc -m64 -c -g  conftest.c >&5
configure:1840: $? = 0
configure:1844: test -z 
			 || test ! -s conftest.err
configure:1847: $? = 0
configure:1850: test -s conftest.o
configure:1853: $? = 0
configure:1864: result: yes
configure:1881: checking for gcc -m64 option to accept ANSI C
configure:1951: gcc -m64  -c -g  conftest.c >&5
configure:1957: $? = 0
configure:1961: test -z 
			 || test ! -s conftest.err
configure:1964: $? = 0
configure:1967: test -s conftest.o
configure:1970: $? = 0
configure:1988: result: none needed
configure:2006: gcc -m64 -c -g  conftest.c >&5
conftest.c:2: error: expected '=', ',', ';', 'asm' or '__attribute__' before 'me'
configure:2012: $? = 1
configure: failed program was:
| #ifndef __cplusplus
|   choke me
| #endif
configure:2763: checking for C++ compiler version
configure:2766: g++ -m64 --version </dev/null >&5
g++ (GCC) 4.1.2 20070925 (Red Hat 4.1.2-33)
Copyright (C) 2006 Free Software Foundation, Inc.
This is free software; see the source for copying conditions.  There is NO
warranty; not even for MERCHANTABILITY or FITNESS FOR A PARTICULAR PURPOSE.

configure:2769: $? = 0
configure:2771: g++ -m64 -v </dev/null >&5
Using built-in specs.
Target: x86_64-redhat-linux
Configured with: ../configure --prefix=/usr --mandir=/usr/share/man --infodir=/usr/share/info --enable-shared --enable-threads=posix --enable-checking=release --with-system-zlib --enable-__cxa_atexit --disable-libunwind-exceptions --enable-languages=c,c++,objc,obj-c++,java,fortran,ada --enable-java-awt=gtk --disable-dssi --enable-plugin --with-java-home=/usr/lib/jvm/java-1.5.0-gcj-1.5.0.0/jre --enable-libgcj-multifile --enable-java-maintainer-mode --with-ecj-jar=/usr/share/java/eclipse-ecj.jar --with-cpu=generic --host=x86_64-redhat-linux
Thread model: posix
gcc version 4.1.2 20070925 (Red Hat 4.1.2-33)
configure:2774: $? = 0
configure:2776: g++ -m64 -V </dev/null >&5
g++: argument to '-V' missing

configure:2779: $? = 1
configure:2782: checking whether we are using the GNU C++ compiler
configure:2806: g++ -m64 -c   conftest.cc >&5
configure:2812: $? = 0
configure:2816: test -z 
			 || test ! -s conftest.err
configure:2819: $? = 0
configure:2822: test -s conftest.o
configure:2825: $? = 0
configure:2838: result: yes
configure:2844: checking whether g++ -m64 accepts -g
configure:2865: g++ -m64 -c -g  conftest.cc >&5
configure:2871: $? = 0
configure:2875: test -z 
			 || test ! -s conftest.err
configure:2878: $? = 0
configure:2881: test -s conftest.o
configure:2884: $? = 0
configure:2895: result: yes
configure:2937: g++ -m64 -c -g -O2  conftest.cc >&5
configure:2943: $? = 0
configure:2947: test -z 
			 || test ! -s conftest.err
configure:2950: $? = 0
configure:2953: test -s conftest.o
configure:2956: $? = 0
configure:2982: g++ -m64 -c -g -O2  conftest.cc >&5
conftest.cc: In function 'int main()':
conftest.cc:13: error: 'exit' was not declared in this scope
configure:2988: $? = 1
configure: failed program was:
| /* confdefs.h.  */
| 
| #define PACKAGE_NAME "netCDF"
| #define PACKAGE_TARNAME "netcdf"
| #define PACKAGE_VERSION "3.6.0"
| #define PACKAGE_STRING "netCDF 3.6.0"
| #define PACKAGE_BUGREPORT "support@unidata.ucar.edu"
| /* end confdefs.h.  */
| 
| int
| main ()
| {
| exit (42);
|   ;
|   return 0;
| }
configure:2937: g++ -m64 -c -g -O2  conftest.cc >&5
configure:2943: $? = 0
configure:2947: test -z 
			 || test ! -s conftest.err
configure:2950: $? = 0
configure:2953: test -s conftest.o
configure:2956: $? = 0
configure:2982: g++ -m64 -c -g -O2  conftest.cc >&5
configure:2988: $? = 0
configure:2992: test -z 
			 || test ! -s conftest.err
configure:2995: $? = 0
configure:2998: test -s conftest.o
configure:3001: $? = 0
configure:3755: checking C++ compiler "g++ -m64"
configure:3788: g++ -m64 -o conftest -g -O2   conftest.cc  >&5
configure:3791: $? = 0
configure:3793: ./conftest
configure:3796: $? = 0
configure:3799: result: works
configure:3891: checking for xlf
configure:3920: result: no
configure:3891: checking for f95
configure:3920: result: no
configure:3891: checking for fort
configure:3920: result: no
configure:3891: checking for xlf95
configure:3920: result: no
configure:3891: checking for ifc
configure:3920: result: no
configure:3891: checking for efc
configure:3920: result: no
configure:3891: checking for pgf95
configure:3920: result: no
configure:3891: checking for lf95
configure:3920: result: no
configure:3891: checking for gfortran
configure:3920: result: no
configure:3891: checking for frt
configure:3920: result: no
configure:3891: checking for pgf77
configure:3920: result: no
configure:3891: checking for f77
configure:3920: result: no
configure:3891: checking for fort77
configure:3920: result: no
configure:3891: checking for fl32
configure:3920: result: no
configure:3891: checking for af77
configure:3920: result: no
configure:3891: checking for f90
configure:3920: result: no
configure:3891: checking for xlf90
configure:3920: result: no
configure:3891: checking for pgf90
configure:3920: result: no
configure:3891: checking for epcf90
configure:3920: result: no
configure:3891: checking for g77
configure:3920: result: no
configure:3932: checking for Fortran compiler version
configure:3935:  --version </dev/null >&5
./configure: line 3936: --version: command not found
configure:3938: $? = 127
configure:3940:  -v </dev/null >&5
./configure: line 3941: -v: command not found
configure:3943: $? = 127
configure:3945:  -V </dev/null >&5
./configure: line 3946: -V: command not found
configure:3948: $? = 127
configure:3956: checking whether we are using the GNU Fortran compiler
configure:3970:  -c   conftest.F >&5
./configure: line 3971: -c: command not found
configure:3976: $? = 127
configure: failed program was:
|       program main
| #ifndef __GNUC__
|        choke me
| #endif
| 
|       end
configure:4002: result: no
configure:4008: checking whether  accepts -g
configure:4020:  -c -g  conftest.f >&5
./configure: line 4021: -c: command not found
configure:4026: $? = 127
configure: failed program was:
|       program main
| 
|       end
configure:4051: result: no
configure:4083: WARNING: No fortran compiler found, F77 and F90 interfaces will not be built.
configure:4580: checking for m4 preprocessor...
configure:4587: checking for m4
configure:4603: found /usr/bin/m4
configure:4613: result: m4
configure:4666: checking m4 flags
configure:4671: result: -B10000
configure:4676: checking how to make dependencies
configure:4711: result: false
configure:4733: checking if we need to set _LARGE_FILES on AIX with OBJECT_MODE=64 or CFLAGS includes -q64
configure:4757: result: 
configure:4768: checking for special C compiler options needed for large files
configure:4867: result: no
configure:4873: checking for _FILE_OFFSET_BITS value needed for large files
configure:4904: gcc -m64 -c -g  conftest.c >&5
configure:4910: $? = 0
configure:4914: test -z 
			 || test ! -s conftest.err
configure:4917: $? = 0
configure:4920: test -s conftest.o
configure:4923: $? = 0
configure:4988: result: no
configure:4998: checking for _LARGE_FILES value needed for large files
configure:5029: gcc -m64 -c -g  conftest.c >&5
configure:5035: $? = 0
configure:5039: test -z 
			 || test ! -s conftest.err
configure:5042: $? = 0
configure:5045: test -s conftest.o
configure:5048: $? = 0
configure:5113: result: no
configure:5127: checking for ar utility...
configure:5134: checking for ar
configure:5150: found /usr/bin/ar
configure:5160: result: ar
configure:5213: checking ar flags
configure:5218: result: cru
configure:5223: checking for nm utility...
configure:5230: checking for nm
configure:5246: found /usr/bin/nm
configure:5256: result: nm
configure:5309: checking nm flags
configure:5314: result: 
configure:5359: checking for ranlib
configure:5375: found /usr/bin/ranlib
configure:5386: result: ranlib
configure:5411: checking for a BSD-compatible install
configure:5466: result: /usr/bin/install -c
configure:5481: checking CPPFLAGS
configure:5483: result: 
configure:5485: checking CC CFLAGS
configure:5487: result: gcc -m64 -g
configure:5490: checking which gcc -m64
configure:5492: result: /usr/lib64/ccache/gcc
configure:5495: checking CXX
configure:5498: result: g++ -m64
configure:5500: checking CXXFLAGS
configure:5502: result: -g -O2
configure:5505: checking which g++ -m64
configure:5507: result: /usr/lib64/ccache/g++
configure:5514: checking FC
configure:5529: result: unset
configure:5533: checking F90
configure:5548: result: unset
configure:5552: checking AR
configure:5555: result: ar
configure:5557: checking ARFLAGS
configure:5559: result: cru
configure:5562: checking which ar
configure:5564: result: /usr/bin/ar
configure:5571: checking NM
configure:5574: result: nm
configure:5576: checking NMFLAGS
configure:5578: result: 
configure:5581: checking which nm
configure:5583: result: /usr/bin/nm
configure:5590: checking RANLIB
configure:5593: result: ranlib
configure:5595: checking RANLIBFLAGS
configure:5597: result: 
configure:5600: checking which ranlib
configure:5602: result: /usr/bin/ranlib
configure:5614: checking for SunOS Fortran -ftrap= option
configure:5624: result: 
configure:5633: checking how to run the C preprocessor
configure:5668: gcc -m64 -E  conftest.c
configure:5674: $? = 0
configure:5706: gcc -m64 -E  conftest.c
conftest.c:12:28: error: ac_nonexistent.h: No such file or directory
configure:5712: $? = 1
configure: failed program was:
| /* confdefs.h.  */
| 
| #define PACKAGE_NAME "netCDF"
| #define PACKAGE_TARNAME "netcdf"
| #define PACKAGE_VERSION "3.6.0"
| #define PACKAGE_STRING "netCDF 3.6.0"
| #define PACKAGE_BUGREPORT "support@unidata.ucar.edu"
| #ifdef __cplusplus
| extern "C" void std::exit (int) throw (); using std::exit;
| #endif
| /* end confdefs.h.  */
| #include <ac_nonexistent.h>
configure:5751: result: gcc -m64 -E
configure:5775: gcc -m64 -E  conftest.c
configure:5781: $? = 0
configure:5813: gcc -m64 -E  conftest.c
conftest.c:12:28: error: ac_nonexistent.h: No such file or directory
configure:5819: $? = 1
configure: failed program was:
| /* confdefs.h.  */
| 
| #define PACKAGE_NAME "netCDF"
| #define PACKAGE_TARNAME "netcdf"
| #define PACKAGE_VERSION "3.6.0"
| #define PACKAGE_STRING "netCDF 3.6.0"
| #define PACKAGE_BUGREPORT "support@unidata.ucar.edu"
| #ifdef __cplusplus
| extern "C" void std::exit (int) throw (); using std::exit;
| #endif
| /* end confdefs.h.  */
| #include <ac_nonexistent.h>
configure:5868: WARNING: Fortran-77 compiler is explicitly null
configure:6050: WARNING: "The Fortran-77 interface will not be built"
configure:6062: checking for Fortran .F compiler
configure:6064: result: 
configure:6110: checking for Fortran preprocessor
configure:6118: result: gcc -m64 -E
configure:7027: checking for math library...
configure:7031: checking for tanh in -lc
configure:7061: gcc -m64 -o conftest -g   conftest.c -lc   >&5
conftest.c:19: warning: conflicting types for built-in function 'tanh'
/tmp/ccaKTWm0.o: In function `main':
/home/benyoucef/PIVlml/NetCDF/src/conftest.c:23: undefined reference to `tanh'
collect2: ld returned 1 exit status
configure:7067: $? = 1
configure: failed program was:
| /* confdefs.h.  */
| 
| #define PACKAGE_NAME "netCDF"
| #define PACKAGE_TARNAME "netcdf"
| #define PACKAGE_VERSION "3.6.0"
| #define PACKAGE_STRING "netCDF 3.6.0"
| #define PACKAGE_BUGREPORT "support@unidata.ucar.edu"
| #ifdef __cplusplus
| extern "C" void std::exit (int) throw (); using std::exit;
| #endif
| /* end confdefs.h.  */
| 
| /* Override any gcc2 internal prototype to avoid an error.  */
| #ifdef __cplusplus
| extern "C"
| #endif
| /* We use char because int might match the return type of a gcc2
|    builtin and then its argument prototype would still apply.  */
| char tanh ();
| int
| main ()
| {
| tanh ();
|   ;
|   return 0;
| }
configure:7093: result: no
configure:7098: checking for tanh in -lm
configure:7128: gcc -m64 -o conftest -g   conftest.c -lm   >&5
conftest.c:19: warning: conflicting types for built-in function 'tanh'
configure:7134: $? = 0
configure:7138: test -z 
			 || test ! -s conftest.err
configure:7141: $? = 0
configure:7144: test -s conftest
configure:7147: $? = 0
configure:7160: result: yes
configure:7179: checking for egrep
configure:7189: result: grep -E
configure:7194: checking for ANSI C header files
configure:7219: gcc -m64 -c -g  conftest.c >&5
configure:7225: $? = 0
configure:7229: test -z 
			 || test ! -s conftest.err
configure:7232: $? = 0
configure:7235: test -s conftest.o
configure:7238: $? = 0
configure:7327: gcc -m64 -o conftest -g   conftest.c  >&5
conftest.c: In function 'main':
conftest.c:29: warning: incompatible implicit declaration of built-in function 'exit'
configure:7330: $? = 0
configure:7332: ./conftest
configure:7335: $? = 0
configure:7350: result: yes
configure:7374: checking for sys/types.h
configure:7390: gcc -m64 -c -g  conftest.c >&5
configure:7396: $? = 0
configure:7400: test -z 
			 || test ! -s conftest.err
configure:7403: $? = 0
configure:7406: test -s conftest.o
configure:7409: $? = 0
configure:7420: result: yes
configure:7374: checking for sys/stat.h
configure:7390: gcc -m64 -c -g  conftest.c >&5
configure:7396: $? = 0
configure:7400: test -z 
			 || test ! -s conftest.err
configure:7403: $? = 0
configure:7406: test -s conftest.o
configure:7409: $? = 0
configure:7420: result: yes
configure:7374: checking for stdlib.h
configure:7390: gcc -m64 -c -g  conftest.c >&5
configure:7396: $? = 0
configure:7400: test -z 
			 || test ! -s conftest.err
configure:7403: $? = 0
configure:7406: test -s conftest.o
configure:7409: $? = 0
configure:7420: result: yes
configure:7374: checking for string.h
configure:7390: gcc -m64 -c -g  conftest.c >&5
configure:7396: $? = 0
configure:7400: test -z 
			 || test ! -s conftest.err
configure:7403: $? = 0
configure:7406: test -s conftest.o
configure:7409: $? = 0
configure:7420: result: yes
configure:7374: checking for memory.h
configure:7390: gcc -m64 -c -g  conftest.c >&5
configure:7396: $? = 0
configure:7400: test -z 
			 || test ! -s conftest.err
configure:7403: $? = 0
configure:7406: test -s conftest.o
configure:7409: $? = 0
configure:7420: result: yes
configure:7374: checking for strings.h
configure:7390: gcc -m64 -c -g  conftest.c >&5
configure:7396: $? = 0
configure:7400: test -z 
			 || test ! -s conftest.err
configure:7403: $? = 0
configure:7406: test -s conftest.o
configure:7409: $? = 0
configure:7420: result: yes
configure:7374: checking for inttypes.h
configure:7390: gcc -m64 -c -g  conftest.c >&5
configure:7396: $? = 0
configure:7400: test -z 
			 || test ! -s conftest.err
configure:7403: $? = 0
configure:7406: test -s conftest.o
configure:7409: $? = 0
configure:7420: result: yes
configure:7374: checking for stdint.h
configure:7390: gcc -m64 -c -g  conftest.c >&5
configure:7396: $? = 0
configure:7400: test -z 
			 || test ! -s conftest.err
configure:7403: $? = 0
configure:7406: test -s conftest.o
configure:7409: $? = 0
configure:7420: result: yes
configure:7374: checking for unistd.h
configure:7390: gcc -m64 -c -g  conftest.c >&5
configure:7396: $? = 0
configure:7400: test -z 
			 || test ! -s conftest.err
configure:7403: $? = 0
configure:7406: test -s conftest.o
configure:7409: $? = 0
configure:7420: result: yes
configure:7433: checking for stdlib.h
configure:7438: result: yes
configure:7580: checking for sys/types.h
configure:7585: result: yes
configure:7726: checking for strerror
configure:7783: gcc -m64 -o conftest -g   conftest.c  >&5
configure:7789: $? = 0
configure:7793: test -z 
			 || test ! -s conftest.err
configure:7796: $? = 0
configure:7799: test -s conftest
configure:7802: $? = 0
configure:7814: result: yes
configure:7826: checking for working ftruncate()
configure:7888: gcc -m64 -o conftest -g   conftest.c  >&5
/tmp/ccoT13gP.o: In function `main':
/home/benyoucef/PIVlml/NetCDF/src/conftest.c:29: warning: the use of `tmpnam' is dangerous, better use `mkstemp'
configure:7891: $? = 0
configure:7893: ./conftest
configure:7896: $? = 0
configure:7898: result: yes
configure:7920: checking for working alloca.h
configure:7941: gcc -m64 -o conftest -g   conftest.c  >&5
configure:7947: $? = 0
configure:7951: test -z 
			 || test ! -s conftest.err
configure:7954: $? = 0
configure:7957: test -s conftest
configure:7960: $? = 0
configure:7972: result: yes
configure:7982: checking for alloca
configure:8023: gcc -m64 -o conftest -g   conftest.c  >&5
configure:8029: $? = 0
configure:8033: test -z 
			 || test ! -s conftest.err
configure:8036: $? = 0
configure:8039: test -s conftest
configure:8042: $? = 0
configure:8054: result: yes
configure:8278: checking for struct stat.st_blksize
configure:8301: gcc -m64 -c -g  conftest.c >&5
configure:8307: $? = 0
configure:8311: test -z 
			 || test ! -s conftest.err
configure:8314: $? = 0
configure:8317: test -s conftest.o
configure:8320: $? = 0
configure:8377: result: yes
configure:8394: checking for IEEE floating point format
configure:8437: gcc -m64 -o conftest -g   conftest.c  >&5
configure:8440: $? = 0
configure:8442: ./conftest
configure:8445: $? = 0
configure:8458: result: yes
configure:8467: checking for size_t
configure:8491: gcc -m64 -c -g  conftest.c >&5
configure:8497: $? = 0
configure:8501: test -z 
			 || test ! -s conftest.err
configure:8504: $? = 0
configure:8507: test -s conftest.o
configure:8510: $? = 0
configure:8521: result: yes
configure:8533: checking for off_t
configure:8557: gcc -m64 -c -g  conftest.c >&5
configure:8563: $? = 0
configure:8567: test -z 
			 || test ! -s conftest.err
configure:8570: $? = 0
configure:8573: test -s conftest.o
configure:8576: $? = 0
configure:8587: result: yes
configure:8599: checking for ssize_t
configure:8623: gcc -m64 -c -g  conftest.c >&5
configure:8629: $? = 0
configure:8633: test -z 
			 || test ! -s conftest.err
configure:8636: $? = 0
configure:8639: test -s conftest.o
configure:8642: $? = 0
configure:8653: result: yes
configure:8665: checking for ptrdiff_t
configure:8689: gcc -m64 -c -g  conftest.c >&5
configure:8695: $? = 0
configure:8699: test -z 
			 || test ! -s conftest.err
configure:8702: $? = 0
configure:8705: test -s conftest.o
configure:8708: $? = 0
configure:8719: result: yes
configure:8731: checking for uchar
configure:8755: gcc -m64 -c -g  conftest.c >&5
conftest.c: In function 'main':
conftest.c:64: error: 'uchar' undeclared (first use in this function)
conftest.c:64: error: (Each undeclared identifier is reported only once
conftest.c:64: error: for each function it appears in.)
conftest.c:64: error: expected expression before ')' token
configure:8761: $? = 1
configure: failed program was:
| /* confdefs.h.  */
| 
| #define PACKAGE_NAME "netCDF"
| #define PACKAGE_TARNAME "netcdf"
| #define PACKAGE_VERSION "3.6.0"
| #define PACKAGE_STRING "netCDF 3.6.0"
| #define PACKAGE_BUGREPORT "support@unidata.ucar.edu"
| #ifdef __cplusplus
| extern "C" void std::exit (int) throw (); using std::exit;
| #endif
| #define STDC_HEADERS 1
| #define HAVE_SYS_TYPES_H 1
| #define HAVE_SYS_STAT_H 1
| #define HAVE_STDLIB_H 1
| #define HAVE_STRING_H 1
| #define HAVE_MEMORY_H 1
| #define HAVE_STRINGS_H 1
| #define HAVE_INTTYPES_H 1
| #define HAVE_STDINT_H 1
| #define HAVE_UNISTD_H 1
| #define HAVE_FTRUNCATE 1
| #define HAVE_ALLOCA_H 1
| #define HAVE_ALLOCA 1
| #define HAVE_STRUCT_STAT_ST_BLKSIZE 1
| #define HAVE_ST_BLKSIZE 1
| /* end confdefs.h.  */
| #include <stdio.h>
| #if HAVE_SYS_TYPES_H
| # include <sys/types.h>
| #endif
| #if HAVE_SYS_STAT_H
| # include <sys/stat.h>
| #endif
| #if STDC_HEADERS
| # include <stdlib.h>
| # include <stddef.h>
| #else
| # if HAVE_STDLIB_H
| #  include <stdlib.h>
| # endif
| #endif
| #if HAVE_STRING_H
| # if !STDC_HEADERS && HAVE_MEMORY_H
| #  include <memory.h>
| # endif
| # include <string.h>
| #endif
| #if HAVE_STRINGS_H
| # include <strings.h>
| #endif
| #if HAVE_INTTYPES_H
| # include <inttypes.h>
| #else
| # if HAVE_STDINT_H
| #  include <stdint.h>
| # endif
| #endif
| #if HAVE_UNISTD_H
| # include <unistd.h>
| #endif
| int
| main ()
| {
| if ((uchar *) 0)
|   return 0;
| if (sizeof (uchar))
|   return 0;
|   ;
|   return 0;
| }
configure:8785: result: no
configure:8798: checking whether char is unsigned
configure:8821: gcc -m64 -c -g  conftest.c >&5
configure:8827: $? = 0
configure:8831: test -z 
			 || test ! -s conftest.err
configure:8834: $? = 0
configure:8837: test -s conftest.o
configure:8840: $? = 0
configure:8851: result: no
configure:8860: checking whether byte ordering is bigendian
configure:8887: gcc -m64 -c -g  conftest.c >&5
configure:8893: $? = 0
configure:8897: test -z 
			 || test ! -s conftest.err
configure:8900: $? = 0
configure:8903: test -s conftest.o
configure:8906: $? = 0
configure:8930: gcc -m64 -c -g  conftest.c >&5
conftest.c: In function 'main':
conftest.c:35: error: 'not' undeclared (first use in this function)
conftest.c:35: error: (Each undeclared identifier is reported only once
conftest.c:35: error: for each function it appears in.)
conftest.c:35: error: expected ';' before 'big'
configure:8936: $? = 1
configure: failed program was:
| /* confdefs.h.  */
| 
| #define PACKAGE_NAME "netCDF"
| #define PACKAGE_TARNAME "netcdf"
| #define PACKAGE_VERSION "3.6.0"
| #define PACKAGE_STRING "netCDF 3.6.0"
| #define PACKAGE_BUGREPORT "support@unidata.ucar.edu"
| #ifdef __cplusplus
| extern "C" void std::exit (int) throw (); using std::exit;
| #endif
| #define STDC_HEADERS 1
| #define HAVE_SYS_TYPES_H 1
| #define HAVE_SYS_STAT_H 1
| #define HAVE_STDLIB_H 1
| #define HAVE_STRING_H 1
| #define HAVE_MEMORY_H 1
| #define HAVE_STRINGS_H 1
| #define HAVE_INTTYPES_H 1
| #define HAVE_STDINT_H 1
| #define HAVE_UNISTD_H 1
| #define HAVE_FTRUNCATE 1
| #define HAVE_ALLOCA_H 1
| #define HAVE_ALLOCA 1
| #define HAVE_STRUCT_STAT_ST_BLKSIZE 1
| #define HAVE_ST_BLKSIZE 1
| #define uchar unsigned char
| /* end confdefs.h.  */
| #include <sys/types.h>
| #include <sys/param.h>
| 
| int
| main ()
| {
| #if BYTE_ORDER != BIG_ENDIAN
|  not big endian
| #endif
| 
|   ;
|   return 0;
| }
configure:9071: result: no
configure:9090: checking for short
configure:9114: gcc -m64 -c -g  conftest.c >&5
configure:9120: $? = 0
configure:9124: test -z 
			 || test ! -s conftest.err
configure:9127: $? = 0
configure:9130: test -s conftest.o
configure:9133: $? = 0
configure:9144: result: yes
configure:9147: checking size of short
configure:9466: gcc -m64 -o conftest -g   conftest.c  >&5
configure:9469: $? = 0
configure:9471: ./conftest
configure:9474: $? = 0
configure:9497: result: 2
configure:9504: checking for int
configure:9528: gcc -m64 -c -g  conftest.c >&5
configure:9534: $? = 0
configure:9538: test -z 
			 || test ! -s conftest.err
configure:9541: $? = 0
configure:9544: test -s conftest.o
configure:9547: $? = 0
configure:9558: result: yes
configure:9561: checking size of int
configure:9880: gcc -m64 -o conftest -g   conftest.c  >&5
configure:9883: $? = 0
configure:9885: ./conftest
configure:9888: $? = 0
configure:9911: result: 4
configure:9918: checking for long
configure:9942: gcc -m64 -c -g  conftest.c >&5
configure:9948: $? = 0
configure:9952: test -z 
			 || test ! -s conftest.err
configure:9955: $? = 0
configure:9958: test -s conftest.o
configure:9961: $? = 0
configure:9972: result: yes
configure:9975: checking size of long
configure:10294: gcc -m64 -o conftest -g   conftest.c  >&5
configure:10297: $? = 0
configure:10299: ./conftest
configure:10302: $? = 0
configure:10325: result: 8
configure:10332: checking for float
configure:10356: gcc -m64 -c -g  conftest.c >&5
configure:10362: $? = 0
configure:10366: test -z 
			 || test ! -s conftest.err
configure:10369: $? = 0
configure:10372: test -s conftest.o
configure:10375: $? = 0
configure:10386: result: yes
configure:10389: checking size of float
configure:10708: gcc -m64 -o conftest -g   conftest.c  >&5
configure:10711: $? = 0
configure:10713: ./conftest
configure:10716: $? = 0
configure:10739: result: 4
configure:10746: checking for double
configure:10770: gcc -m64 -c -g  conftest.c >&5
configure:10776: $? = 0
configure:10780: test -z 
			 || test ! -s conftest.err
configure:10783: $? = 0
configure:10786: test -s conftest.o
configure:10789: $? = 0
configure:10800: result: yes
configure:10803: checking size of double
configure:11122: gcc -m64 -o conftest -g   conftest.c  >&5
configure:11125: $? = 0
configure:11127: ./conftest
configure:11130: $? = 0
configure:11153: result: 8
configure:11160: checking size of off_t
configure:11188: gcc -m64 -o conftest -g   conftest.c  >&5
configure:11191: $? = 0
configure:11193: ./conftest
configure:11196: $? = 0
configure:11210: result: 8
configure:11217: checking size of size_t
configure:11245: gcc -m64 -o conftest -g   conftest.c  >&5
configure:11248: $? = 0
configure:11250: ./conftest
configure:11253: $? = 0
configure:11267: result: 8
configure:11361: checking for manual-page index command
configure:11363: result: 
configure:11366: checking binary distribution directory
configure:11374: result: /home/ftp/pub/binary/dummy_system
configure:11474: creating ./config.status

## ---------------------- ##
## Running config.status. ##
## ---------------------- ##

This file was extended by netCDF config.status 3.6.0, which was
generated by GNU Autoconf 2.59.  Invocation command line was

  CONFIG_FILES    = 
  CONFIG_HEADERS  = 
  CONFIG_LINKS    = 
  CONFIG_COMMANDS = 
  $ ./config.status 

on lmlM6-135.univ-lille1.fr

config.status:695: creating macros.make
config.status:799: creating libsrc/ncconfig.h
config.status:927: libsrc/ncconfig.h is unchanged
config.status:799: creating fortran/nfconfig.inc
config.status:1085: executing default commands

## ---------------- ##
## Cache variables. ##
## ---------------- ##

ac_cv_build=x86_64-unknown-linux-gnu
ac_cv_build_alias=x86_64-unknown-linux-gnu
ac_cv_c_bigendian=no
ac_cv_c_char_unsigned=no
ac_cv_c_compiler_gnu=yes
ac_cv_c_ieeefloat=yes
ac_cv_cxx_compiler_gnu=yes
ac_cv_env_CC_set=set
ac_cv_env_CC_value='gcc -m64'
ac_cv_env_CFLAGS_set=
ac_cv_env_CFLAGS_value=
ac_cv_env_CPPFLAGS_set=
ac_cv_env_CPPFLAGS_value=
ac_cv_env_CPP_set=
ac_cv_env_CPP_value=
ac_cv_env_CXXFLAGS_set=
ac_cv_env_CXXFLAGS_value=
ac_cv_env_CXX_set=set
ac_cv_env_CXX_value='g++ -m64'
ac_cv_env_FCFLAGS_set=
ac_cv_env_FCFLAGS_value=
ac_cv_env_FC_set=
ac_cv_env_FC_value=
ac_cv_env_LDFLAGS_set=
ac_cv_env_LDFLAGS_value=
ac_cv_env_build_alias_set=
ac_cv_env_build_alias_value=
ac_cv_env_host_alias_set=
ac_cv_env_host_alias_value=
ac_cv_env_target_alias_set=
ac_cv_env_target_alias_value=
ac_cv_exeext=
ac_cv_fc_compiler_gnu=no
ac_cv_func_alloca_works=yes
ac_cv_func_strerror=yes
ac_cv_header_inttypes_h=yes
ac_cv_header_memory_h=yes
ac_cv_header_stdc=yes
ac_cv_header_stdint_h=yes
ac_cv_header_stdlib_h=yes
ac_cv_header_string_h=yes
ac_cv_header_strings_h=yes
ac_cv_header_sys_stat_h=yes
ac_cv_header_sys_types_h=yes
ac_cv_header_unistd_h=yes
ac_cv_host=x86_64-unknown-linux-gnu
ac_cv_host_alias=x86_64-unknown-linux-gnu
ac_cv_lib_c_tanh=no
ac_cv_lib_m_tanh=yes
ac_cv_member_struct_stat_st_blksize=yes
ac_cv_objext=o
ac_cv_path_install='/usr/bin/install -c'
ac_cv_prog_AR=ar
ac_cv_prog_CPP='gcc -m64 -E'
ac_cv_prog_M4=m4
ac_cv_prog_NM=nm
ac_cv_prog_ac_ct_RANLIB=ranlib
ac_cv_prog_cc_g=yes
ac_cv_prog_cc_stdc=
ac_cv_prog_cxx_g=yes
ac_cv_prog_egrep='grep -E'
ac_cv_prog_fc_g=no
ac_cv_sizeof_double=8
ac_cv_sizeof_float=4
ac_cv_sizeof_int=4
ac_cv_sizeof_long=8
ac_cv_sizeof_off_t=8
ac_cv_sizeof_short=2
ac_cv_sizeof_size_t=8
ac_cv_sys_file_offset_bits=no
ac_cv_sys_large_files=no
ac_cv_sys_largefile_CC=no
ac_cv_type_double=yes
ac_cv_type_float=yes
ac_cv_type_int=yes
ac_cv_type_long=yes
ac_cv_type_off_t=yes
ac_cv_type_ptrdiff_t=yes
ac_cv_type_short=yes
ac_cv_type_size_t=yes
ac_cv_type_ssize_t=yes
ac_cv_type_uchar=no
ac_cv_working_alloca_h=yes

## ----------------- ##
## Output variables. ##
## ----------------- ##

ALLOCA=''
AR='ar'
ARFLAGS='cru'
CC='gcc -m64'
CC_MAKEDEPEND='false'
CFLAGS='-g'
COMPILE_F=''
CPP='gcc -m64 -E'
CPPFLAGS=''
CXX='g++ -m64'
CXXFLAGS='-g -O2'
DEFS='-DHAVE_CONFIG_H'
ECHO_C=''
ECHO_N='-n'
ECHO_T=''
EGREP='grep -E'
EXEEXT=''
F90=''
F90FLAGS=''
F90LIBS=''
FC=''
FCFLAGS=''
FFLAGS=''
FLIBS=''
FPP='gcc -m64 -E'
FPPFLAGS=''
FTPBINDIR='/home/ftp/pub/binary/dummy_system'
IGNORE_FPE=''
INSTALL_DATA='${INSTALL} -m 644'
INSTALL_PROGRAM='${INSTALL}'
INSTALL_SCRIPT='${INSTALL}'
LDFLAGS=''
LIBOBJS=''
LIBS=''
LTLIBOBJS=''
M4='m4'
M4FLAGS='-B10000'
MAKEWHATIS_CMD=''
MATHLIB='-lm'
NM='nm'
NMFLAGS=''
OBJEXT='o'
PACKAGE_BUGREPORT='support@unidata.ucar.edu'
PACKAGE_NAME='netCDF'
PACKAGE_STRING='netCDF 3.6.0'
PACKAGE_TARNAME='netcdf'
PACKAGE_VERSION='3.6.0'
PATH_SEPARATOR=':'
RANLIB='ranlib'
SHELL='/bin/sh'
SRCDIR='/home/benyoucef/PIVlml/NetCDF/src'
WHATIS='whatis'
ac_ct_CC=''
ac_ct_CXX=''
ac_ct_FC=''
ac_ct_RANLIB='ranlib'
bindir='${exec_prefix}/bin'
build='x86_64-unknown-linux-gnu'
build_alias=''
build_cpu='x86_64'
build_os='linux-gnu'
build_vendor='unknown'
datadir='${prefix}/share'
exec_prefix='${prefix}'
host='x86_64-unknown-linux-gnu'
host_alias=''
host_cpu='x86_64'
host_os='linux-gnu'
host_vendor='unknown'
includedir='${prefix}/include'
infodir='${prefix}/info'
libdir='${exec_prefix}/lib'
libexecdir='${exec_prefix}/libexec'
localstatedir='${prefix}/var'
mandir='${prefix}/man'
oldincludedir='/usr/include'
prefix='/home/benyoucef/PIVlml/NetCDF'
prog=''
program_transform_name='s,x,x,'
sbindir='${exec_prefix}/sbin'
sharedstatedir='${prefix}/com'
sysconfdir='${prefix}/etc'
target_alias=''

## ----------- ##
## confdefs.h. ##
## ----------- ##

#define HAVE_ALLOCA 1
#define HAVE_ALLOCA_H 1
#define HAVE_FTRUNCATE 1
#define HAVE_INTTYPES_H 1
#define HAVE_MEMORY_H 1
#define HAVE_STDINT_H 1
#define HAVE_STDLIB_H 1
#define HAVE_STRINGS_H 1
#define HAVE_STRING_H 1
#define HAVE_STRUCT_STAT_ST_BLKSIZE 1
#define HAVE_ST_BLKSIZE 1
#define HAVE_SYS_STAT_H 1
#define HAVE_SYS_TYPES_H 1
#define HAVE_UNISTD_H 1
#define PACKAGE_BUGREPORT "support@unidata.ucar.edu"
#define PACKAGE_NAME "netCDF"
#define PACKAGE_STRING "netCDF 3.6.0"
#define PACKAGE_TARNAME "netcdf"
#define PACKAGE_VERSION "3.6.0"
#define SIZEOF_DOUBLE 8
#define SIZEOF_FLOAT 4
#define SIZEOF_INT 4
#define SIZEOF_LONG 8
#define SIZEOF_OFF_T 8
#define SIZEOF_SHORT 2
#define SIZEOF_SIZE_T 8
#define STDC_HEADERS 1
#define uchar unsigned char
#endif
#ifdef __cplusplus
extern "C" void std::exit (int) throw (); using std::exit;

configure: exit 0
